<?xml version="1.0" encoding="UTF-8"?>
<!-- Generated by org.testng.reporters.JUnitXMLReporter -->
<testsuite ignored="1" hostname="Rishabh" failures="0" tests="1" name="Default test" time="19.212" errors="0" timestamp="2025-07-06T15:11:27 IST">
  <testcase classname="test_cases.LoginPage_Test" name="verifyWebUrl_Test" time="0.035"/>
  <testcase classname="test_cases.LoginPage_Test" name="verifywebTitle_Test" time="0.0">
    <ignored/>
  </testcase> <!-- verifywebTitle_Test -->
</testsuite> <!-- Default test -->
